<?xml version="1.0" encoding="UTF-8"?>
<testsuite xmlns:xsi="http://www.w3.org/2001/XMLSchema-instance" xsi:noNamespaceSchemaLocation="https://maven.apache.org/surefire/maven-surefire-plugin/xsd/surefire-test-report-3.0.xsd" version="3.0" name="application.TestGame" time="0.162" tests="3" errors="0" skipped="0" failures="0">
  <properties>
    <property name="java.specification.version" value="15"/>
    <property name="sun.cpu.isalist" value="amd64"/>
    <property name="sun.jnu.encoding" value="Cp1252"/>
    <property name="java.class.path" value="C:\Users\Peter Falk\Workspaces\SchiffeVersenken\SchiffeVersenken\target\test-classes;C:\Users\Peter Falk\Workspaces\SchiffeVersenken\SchiffeVersenken\target\classes;C:\Users\Peter Falk\.m2\repository\junit\junit\4.12\junit-4.12.jar;C:\Users\Peter Falk\.m2\repository\org\hamcrest\hamcrest-core\1.3\hamcrest-core-1.3.jar;"/>
    <property name="java.vm.vendor" value="Oracle Corporation"/>
    <property name="sun.arch.data.model" value="64"/>
    <property name="user.variant" value=""/>
    <property name="java.vendor.url" value="https://java.oracle.com/"/>
    <property name="user.timezone" value="Europe/Berlin"/>
    <property name="os.name" value="Windows 10"/>
    <property name="java.vm.specification.version" value="15"/>
    <property name="sun.java.launcher" value="SUN_STANDARD"/>
    <property name="user.country" value="DE"/>
    <property name="sun.boot.library.path" value="C:\Users\Peter Falk\.p2\pool\plugins\org.eclipse.justj.openjdk.hotspot.jre.full.win32.x86_64_15.0.1.v20201027-0507\jre\bin"/>
    <property name="sun.java.command" value="C:\Users\Peter Falk\AppData\Local\Temp\surefire16863135616536911426\surefirebooter16957343299489205895.jar C:\Users\Peter Falk\AppData\Local\Temp\surefire16863135616536911426 2023-05-25T11-12-21_101-jvmRun1 surefire13033767601931211965tmp surefire_03432438332216435867tmp"/>
    <property name="jdk.debug" value="release"/>
    <property name="surefire.test.class.path" value="C:\Users\Peter Falk\Workspaces\SchiffeVersenken\SchiffeVersenken\target\test-classes;C:\Users\Peter Falk\Workspaces\SchiffeVersenken\SchiffeVersenken\target\classes;C:\Users\Peter Falk\.m2\repository\junit\junit\4.12\junit-4.12.jar;C:\Users\Peter Falk\.m2\repository\org\hamcrest\hamcrest-core\1.3\hamcrest-core-1.3.jar;"/>
    <property name="sun.cpu.endian" value="little"/>
    <property name="user.home" value="C:\Users\Peter Falk"/>
    <property name="user.language" value="de"/>
    <property name="java.specification.vendor" value="Oracle Corporation"/>
    <property name="java.version.date" value="2020-10-20"/>
    <property name="java.home" value="C:\Users\Peter Falk\.p2\pool\plugins\org.eclipse.justj.openjdk.hotspot.jre.full.win32.x86_64_15.0.1.v20201027-0507\jre"/>
    <property name="file.separator" value="\"/>
    <property name="basedir" value="C:\Users\Peter Falk\Workspaces\SchiffeVersenken\SchiffeVersenken"/>
    <property name="java.vm.compressedOopsMode" value="Zero based"/>
    <property name="line.separator" value="&#10;"/>
    <property name="java.vm.specification.vendor" value="Oracle Corporation"/>
    <property name="java.specification.name" value="Java Platform API Specification"/>
    <property name="surefire.real.class.path" value="C:\Users\Peter Falk\AppData\Local\Temp\surefire16863135616536911426\surefirebooter16957343299489205895.jar"/>
    <property name="user.script" value=""/>
    <property name="sun.management.compiler" value="HotSpot 64-Bit Tiered Compilers"/>
    <property name="java.runtime.version" value="15.0.1+9-18"/>
    <property name="user.name" value="Peter Falk"/>
    <property name="path.separator" value=";"/>
    <property name="os.version" value="10.0"/>
    <property name="java.runtime.name" value="OpenJDK Runtime Environment"/>
    <property name="file.encoding" value="Cp1252"/>
    <property name="java.vm.name" value="OpenJDK 64-Bit Server VM"/>
    <property name="localRepository" value="C:\Users\Peter Falk\.m2\repository"/>
    <property name="java.vendor.url.bug" value="https://bugreport.java.com/bugreport/"/>
    <property name="java.io.tmpdir" value="C:\Users\PETERF~1\AppData\Local\Temp\"/>
    <property name="java.version" value="15.0.1"/>
    <property name="user.dir" value="C:\Users\Peter Falk\Workspaces\SchiffeVersenken\SchiffeVersenken"/>
    <property name="os.arch" value="amd64"/>
    <property name="java.vm.specification.name" value="Java Virtual Machine Specification"/>
    <property name="sun.os.patch.level" value=""/>
    <property name="java.library.path" value="C:\Users\Peter Falk\.p2\pool\plugins\org.eclipse.justj.openjdk.hotspot.jre.full.win32.x86_64_15.0.1.v20201027-0507\jre\bin;C:\WINDOWS\Sun\Java\bin;C:\WINDOWS\system32;C:\WINDOWS;C:/Users/Peter Falk/.p2/pool/plugins/org.eclipse.justj.openjdk.hotspot.jre.full.win32.x86_64_15.0.1.v20201027-0507/jre/bin/server;C:/Users/Peter Falk/.p2/pool/plugins/org.eclipse.justj.openjdk.hotspot.jre.full.win32.x86_64_15.0.1.v20201027-0507/jre/bin;C:\Program Files\Eclipse Adoptium\jdk-17.0.1.12-hotspot\bin;C:\Program Files (x86)\Common Files\Oracle\Java\javapath;C:\Program Files (x86)\Intel\iCLS Client\;C:\Program Files\Intel\iCLS Client\;C:\WINDOWS\system32;C:\WINDOWS;C:\WINDOWS\System32\Wbem;C:\WINDOWS\System32\WindowsPowerShell\v1.0\;C:\WINDOWS\System32\OpenSSH\;C:\Program Files (x86)\Intel\Intel(R) Management Engine Components\DAL;C:\Program Files\Intel\Intel(R) Management Engine Components\DAL;C:\Program Files (x86)\Intel\Intel(R) Management Engine Components\IPT;C:\Program Files\Intel\Intel(R) Management Engine Components\IPT;C:\Program Files\Git\cmd;C:\ProgramData\chocolatey\bin;C:\Program Files\dotnet\;C:\Program Files\Microsoft SQL Server\150\Tools\Binn\;C:\Users\Peter Falk\AppData\Local\Programs\Python\Python311;C:\Users\Peter Falk\AppData\Local\Microsoft\WindowsApps;C:\Users\Peter Falk\AppData\Roaming\cabal\bin;C:\tools\ghc-9.0.1\bin;C:\tools\msys64;C:\Users\Peter Falk\.dotnet\tools;C:\texlive\2021\bin\win32;C:\Users\Peter Falk\AppData\Local\GitHubDesktop\bin;C:\Users\Peter Falk\AppData\Local\Programs\Microsoft VS Code\bin;C:\WINDOWS\system32;;."/>
    <property name="java.vm.info" value="mixed mode"/>
    <property name="java.vendor" value="Oracle Corporation"/>
    <property name="java.vm.version" value="15.0.1+9-18"/>
    <property name="sun.io.unicode.encoding" value="UnicodeLittle"/>
    <property name="java.class.version" value="59.0"/>
  </properties>
  <testcase name="testSetUpShipFailIsBlocked" classname="application.TestGame" time="0.002">
    <system-out><![CDATA[Error: (0/0) is already blocked by another ship!
]]></system-out>
  </testcase>
  <testcase name="testSetUpShipFailTooBig" classname="application.TestGame" time="0">
    <system-out><![CDATA[Error: Wrong size! Try again!
]]></system-out>
  </testcase>
  <testcase name="testSetUpShip" classname="application.TestGame" time="0.16">
    <system-out><![CDATA[* * * * * * * * * * * * * * *
*              x            *
*     0 1 2 3 4 5 6 7 8 9   *
*   0 S S X ~ ~ ~ ~ ~ ~ ~   *
*   1 X X X ~ ~ ~ ~ ~ ~ ~   *
*   2 ~ ~ ~ ~ ~ ~ ~ ~ ~ ~   *
*   3 ~ ~ ~ ~ ~ ~ ~ ~ ~ ~   *
*   4 ~ ~ ~ ~ ~ ~ ~ ~ ~ ~   *
* y 5 ~ ~ ~ ~ ~ ~ ~ ~ ~ ~   *
*   6 ~ ~ ~ ~ ~ ~ ~ ~ ~ ~   *
*   7 ~ ~ ~ ~ ~ ~ ~ ~ ~ ~   *
*   8 ~ ~ ~ ~ ~ ~ ~ ~ ~ ~   *
*   9 ~ ~ ~ ~ ~ ~ ~ ~ ~ ~   *
*                           *
* * * * * * * * * * * * * * *
]]></system-out>
  </testcase>
</testsuite>